DrawMesh_Phong.fx(181,8): warning X4000: Use of potentially uninitialized variable (RenderProcess_Phong::mFunction_ComputeLightingVariables)
DrawMesh_Phong.fx(205,8): warning X4000: Use of potentially uninitialized variable (RenderProcess_Phong::mFunction_ComputeLightingVariables)
DrawMesh_Phong.fx(181,8): warning X4000: Use of potentially uninitialized variable (RenderProcess_Phong::mFunction_ComputeLightingVariables)
DrawMesh_Phong.fx(205,8): warning X4000: Use of potentially uninitialized variable (RenderProcess_Phong::mFunction_ComputeLightingVariables)
DrawMesh_Phong.fx(181,8): warning X4000: Use of potentially uninitialized variable (RenderProcess_Phong::mFunction_ComputeLightingVariables)
DrawMesh_Phong.fx(205,8): warning X4000: Use of potentially uninitialized variable (RenderProcess_Phong::mFunction_ComputeLightingVariables)
DrawMesh_Phong.fx(181,8): warning X4000: Use of potentially uninitialized variable (RenderProcess_Phong::mFunction_ComputeLightingVariables)
DrawMesh_Phong.fx(205,8): warning X4000: Use of potentially uninitialized variable (RenderProcess_Phong::mFunction_ComputeLightingVariables)
DrawMesh_Phong.fx(181,8): warning X4000: Use of potentially uninitialized variable (RenderProcess_Phong::mFunction_ComputeLightingVariables)
DrawMesh_Phong.fx(205,8): warning X4000: Use of potentially uninitialized variable (RenderProcess_Phong::mFunction_ComputeLightingVariables)
DrawMesh_Phong.fx(181,8): warning X4000: Use of potentially uninitialized variable (RenderProcess_Phong::mFunction_ComputeLightingVariables)
DrawMesh_Phong.fx(205,8): warning X4000: Use of potentially uninitialized variable (RenderProcess_Phong::mFunction_ComputeLightingVariables)
DrawMesh_Phong.fx(181,8): warning X4000: Use of potentially uninitialized variable (RenderProcess_Phong::mFunction_ComputeLightingVariables)
DrawMesh_Phong.fx(205,8): warning X4000: Use of potentially uninitialized variable (RenderProcess_Phong::mFunction_ComputeLightingVariables)
DrawMesh_Phong.fx(181,8): warning X4000: Use of potentially uninitialized variable (RenderProcess_Phong::mFunction_ComputeLightingVariables)
DrawMesh_Phong.fx(205,8): warning X4000: Use of potentially uninitialized variable (RenderProcess_Phong::mFunction_ComputeLightingVariables)
DrawMesh_Phong.fx(181,8): warning X4000: Use of potentially uninitialized variable (RenderProcess_Phong::mFunction_ComputeLightingVariables)
DrawMesh_Phong.fx(205,8): warning X4000: Use of potentially uninitialized variable (RenderProcess_Phong::mFunction_ComputeLightingVariables)
DrawMesh_Phong.fx(181,8): warning X4000: Use of potentially uninitialized variable (RenderProcess_Phong::mFunction_ComputeLightingVariables)
DrawMesh_Phong.fx(205,8): warning X4000: Use of potentially uninitialized variable (RenderProcess_Phong::mFunction_ComputeLightingVariables)
DrawMesh_Phong.fx(181,8): warning X4000: Use of potentially uninitialized variable (RenderProcess_Phong::mFunction_ComputeLightingVariables)
DrawMesh_Phong.fx(205,8): warning X4000: Use of potentially uninitialized variable (RenderProcess_Phong::mFunction_ComputeLightingVariables)
DrawMesh_Phong.fx(181,8): warning X4000: Use of potentially uninitialized variable (RenderProcess_Phong::mFunction_ComputeLightingVariables)
DrawMesh_Phong.fx(205,8): warning X4000: Use of potentially uninitialized variable (RenderProcess_Phong::mFunction_ComputeLightingVariables)
DrawMesh_Phong.fx(181,8): warning X4000: Use of potentially uninitialized variable (RenderProcess_Phong::mFunction_ComputeLightingVariables)
DrawMesh_Phong.fx(205,8): warning X4000: Use of potentially uninitialized variable (RenderProcess_Phong::mFunction_ComputeLightingVariables)
DrawMesh_Phong.fx(181,8): warning X4000: Use of potentially uninitialized variable (RenderProcess_Phong::mFunction_ComputeLightingVariables)
DrawMesh_Phong.fx(205,8): warning X4000: Use of potentially uninitialized variable (RenderProcess_Phong::mFunction_ComputeLightingVariables)
DrawMesh_Phong.fx(181,8): warning X4000: Use of potentially uninitialized variable (RenderProcess_Phong::mFunction_ComputeLightingVariables)
DrawMesh_Phong.fx(205,8): warning X4000: Use of potentially uninitialized variable (RenderProcess_Phong::mFunction_ComputeLightingVariables)
DrawMesh_Phong.fx(181,8): warning X4000: Use of potentially uninitialized variable (RenderProcess_Phong::mFunction_ComputeLightingVariables)
DrawMesh_Phong.fx(205,8): warning X4000: Use of potentially uninitialized variable (RenderProcess_Phong::mFunction_ComputeLightingVariables)
DrawMesh_Gouraud.fx(176,8): warning X4000: Use of potentially uninitialized variable (RenderProcess_Gouraud::mFunction_ComputeLightingVariables)
DrawMesh_Gouraud.fx(179,4): warning X4000: Use of potentially uninitialized variable (attenuation)
DrawMesh_Gouraud.fx(179,4): warning X4000: Use of potentially uninitialized variable (lightAmbientColor3)
DrawMesh_Gouraud.fx(179,4): warning X4000: Use of potentially uninitialized variable (lightDiffuseColor3)
DrawMesh_Gouraud.fx(179,4): warning X4000: Use of potentially uninitialized variable (lightSpecColor3)
DrawMesh_Gouraud.fx(179,4): warning X4000: Use of potentially uninitialized variable (lightSpecIntensity)
DrawMesh_Gouraud.fx(200,8): warning X4000: Use of potentially uninitialized variable (RenderProcess_Gouraud::mFunction_ComputeLightingVariables)
DrawMesh_Gouraud.fx(203,4): warning X4000: Use of potentially uninitialized variable (attenuation)
DrawMesh_Gouraud.fx(203,4): warning X4000: Use of potentially uninitialized variable (lightAmbientColor3)
DrawMesh_Gouraud.fx(203,4): warning X4000: Use of potentially uninitialized variable (lightDiffuseColor3)
DrawMesh_Gouraud.fx(203,4): warning X4000: Use of potentially uninitialized variable (lightSpecColor3)
DrawMesh_Gouraud.fx(203,4): warning X4000: Use of potentially uninitialized variable (lightSpecIntensity)
DrawMesh_Gouraud.fx(72,6): warning X4000: Use of potentially uninitialized variable (outColor4)
DrawMesh_Gouraud.fx(176,8): warning X4000: Use of potentially uninitialized variable (RenderProcess_Gouraud::mFunction_ComputeLightingVariables)
DrawMesh_Gouraud.fx(179,4): warning X4000: Use of potentially uninitialized variable (attenuation)
DrawMesh_Gouraud.fx(179,4): warning X4000: Use of potentially uninitialized variable (lightAmbientColor3)
DrawMesh_Gouraud.fx(179,4): warning X4000: Use of potentially uninitialized variable (lightDiffuseColor3)
DrawMesh_Gouraud.fx(179,4): warning X4000: Use of potentially uninitialized variable (lightSpecColor3)
DrawMesh_Gouraud.fx(179,4): warning X4000: Use of potentially uninitialized variable (lightSpecIntensity)
DrawMesh_Gouraud.fx(200,8): warning X4000: Use of potentially uninitialized variable (RenderProcess_Gouraud::mFunction_ComputeLightingVariables)
DrawMesh_Gouraud.fx(203,4): warning X4000: Use of potentially uninitialized variable (attenuation)
DrawMesh_Gouraud.fx(203,4): warning X4000: Use of potentially uninitialized variable (lightAmbientColor3)
DrawMesh_Gouraud.fx(203,4): warning X4000: Use of potentially uninitialized variable (lightDiffuseColor3)
DrawMesh_Gouraud.fx(203,4): warning X4000: Use of potentially uninitialized variable (lightSpecColor3)
DrawMesh_Gouraud.fx(203,4): warning X4000: Use of potentially uninitialized variable (lightSpecIntensity)
DrawMesh_Gouraud.fx(72,6): warning X4000: Use of potentially uninitialized variable (outColor4)
Picking.fx(69,6): warning X4000: Use of potentially uninitialized variable (IntersectTriangle)
  
  Microsoft (R) Direct3D Shader Compiler 9.29.952.3111
  Copyright (C) Microsoft Corporation 2002-2009. All rights reserved.
  
  compilation succeeded; see Main.cod
  compilation succeeded; see F:\1VS PROJECT\3D\Noise3D -(30)uber-shader\shader\InternalShader\Main_d.fxo
  已复制         1 个文件。
